2023-04-02 23:09:15,019 [Worker-4: Loading available Gradle versions] INFO  o.e.b.c.i.u.g.PublishedGradleVersions - Gradle version information cache is up-to-date. Trying to read.
2023-04-02 23:10:30,810 [Worker-7: Launching mavenrun-19c79779-0078-4dc4-bf08-a8824f4174a3] INFO  o.eclipse.m2e.core.internal.Bundles - getClasspathEntries(Bundle=org.eclipse.m2e.maven.runtime_3.8.604.20221130-2149 [605])
2023-04-02 23:10:30,822 [Worker-7: Launching mavenrun-19c79779-0078-4dc4-bf08-a8824f4174a3] INFO  o.eclipse.m2e.core.internal.Bundles - 	Entry: C:\Users\shive\.p2\pool\plugins\org.eclipse.m2e.maven.runtime_3.8.604.20221130-2149
2023-04-02 23:10:30,823 [Worker-7: Launching mavenrun-19c79779-0078-4dc4-bf08-a8824f4174a3] INFO  o.eclipse.m2e.core.internal.Bundles - 	Entry: C:\Users\shive\.p2\pool\plugins\org.eclipse.m2e.maven.runtime_3.8.604.20221130-2149\jars\aether-connector-okhttp-0.17.8.jar
2023-04-02 23:10:31,132 [Worker-7: Launching mavenrun-19c79779-0078-4dc4-bf08-a8824f4174a3] INFO  o.eclipse.m2e.core.internal.Bundles - 	Entry: C:\Users\shive\.p2\pool\plugins\org.eclipse.m2e.maven.runtime_3.8.604.20221130-2149\jars\commons-cli-1.4.jar
2023-04-02 23:10:31,133 [Worker-7: Launching mavenrun-19c79779-0078-4dc4-bf08-a8824f4174a3] INFO  o.eclipse.m2e.core.internal.Bundles - 	Entry: C:\Users\shive\.p2\pool\plugins\org.eclipse.m2e.maven.runtime_3.8.604.20221130-2149\jars\commons-io-2.6.jar
2023-04-02 23:10:31,134 [Worker-7: Launching mavenrun-19c79779-0078-4dc4-bf08-a8824f4174a3] INFO  o.eclipse.m2e.core.internal.Bundles - 	Entry: C:\Users\shive\.p2\pool\plugins\org.eclipse.m2e.maven.runtime_3.8.604.20221130-2149\jars\commons-lang3-3.8.1.jar
2023-04-02 23:10:31,134 [Worker-7: Launching mavenrun-19c79779-0078-4dc4-bf08-a8824f4174a3] INFO  o.eclipse.m2e.core.internal.Bundles - 	Entry: C:\Users\shive\.p2\pool\plugins\org.eclipse.m2e.maven.runtime_3.8.604.20221130-2149\jars\guice-4.2.2-no_aop.jar
2023-04-02 23:10:31,134 [Worker-7: Launching mavenrun-19c79779-0078-4dc4-bf08-a8824f4174a3] INFO  o.eclipse.m2e.core.internal.Bundles - 	Entry: C:\Users\shive\.p2\pool\plugins\org.eclipse.m2e.maven.runtime_3.8.604.20221130-2149\jars\jansi-2.4.0.jar
2023-04-02 23:10:31,134 [Worker-7: Launching mavenrun-19c79779-0078-4dc4-bf08-a8824f4174a3] INFO  o.eclipse.m2e.core.internal.Bundles - 	Entry: C:\Users\shive\.p2\pool\plugins\org.eclipse.m2e.maven.runtime_3.8.604.20221130-2149\jars\maven-artifact-3.8.6.jar
2023-04-02 23:10:31,135 [Worker-7: Launching mavenrun-19c79779-0078-4dc4-bf08-a8824f4174a3] INFO  o.eclipse.m2e.core.internal.Bundles - 	Entry: C:\Users\shive\.p2\pool\plugins\org.eclipse.m2e.maven.runtime_3.8.604.20221130-2149\jars\maven-builder-support-3.8.6.jar
2023-04-02 23:10:31,135 [Worker-7: Launching mavenrun-19c79779-0078-4dc4-bf08-a8824f4174a3] INFO  o.eclipse.m2e.core.internal.Bundles - 	Entry: C:\Users\shive\.p2\pool\plugins\org.eclipse.m2e.maven.runtime_3.8.604.20221130-2149\jars\maven-compat-3.8.6.jar
2023-04-02 23:10:31,136 [Worker-7: Launching mavenrun-19c79779-0078-4dc4-bf08-a8824f4174a3] INFO  o.eclipse.m2e.core.internal.Bundles - 	Entry: C:\Users\shive\.p2\pool\plugins\org.eclipse.m2e.maven.runtime_3.8.604.20221130-2149\jars\maven-core-3.8.6.jar
2023-04-02 23:10:31,136 [Worker-7: Launching mavenrun-19c79779-0078-4dc4-bf08-a8824f4174a3] INFO  o.eclipse.m2e.core.internal.Bundles - 	Entry: C:\Users\shive\.p2\pool\plugins\org.eclipse.m2e.maven.runtime_3.8.604.20221130-2149\jars\maven-embedder-3.8.6.jar
2023-04-02 23:10:31,137 [Worker-7: Launching mavenrun-19c79779-0078-4dc4-bf08-a8824f4174a3] INFO  o.eclipse.m2e.core.internal.Bundles - 	Entry: C:\Users\shive\.p2\pool\plugins\org.eclipse.m2e.maven.runtime_3.8.604.20221130-2149\jars\maven-model-3.8.6.jar
2023-04-02 23:10:31,137 [Worker-7: Launching mavenrun-19c79779-0078-4dc4-bf08-a8824f4174a3] INFO  o.eclipse.m2e.core.internal.Bundles - 	Entry: C:\Users\shive\.p2\pool\plugins\org.eclipse.m2e.maven.runtime_3.8.604.20221130-2149\jars\maven-model-builder-3.8.6.jar
2023-04-02 23:10:31,138 [Worker-7: Launching mavenrun-19c79779-0078-4dc4-bf08-a8824f4174a3] INFO  o.eclipse.m2e.core.internal.Bundles - 	Entry: C:\Users\shive\.p2\pool\plugins\org.eclipse.m2e.maven.runtime_3.8.604.20221130-2149\jars\maven-plugin-api-3.8.6.jar
2023-04-02 23:10:31,170 [Worker-7: Launching mavenrun-19c79779-0078-4dc4-bf08-a8824f4174a3] INFO  o.eclipse.m2e.core.internal.Bundles - 	Entry: C:\Users\shive\.p2\pool\plugins\org.eclipse.m2e.maven.runtime_3.8.604.20221130-2149\jars\maven-repository-metadata-3.8.6.jar
2023-04-02 23:10:31,171 [Worker-7: Launching mavenrun-19c79779-0078-4dc4-bf08-a8824f4174a3] INFO  o.eclipse.m2e.core.internal.Bundles - 	Entry: C:\Users\shive\.p2\pool\plugins\org.eclipse.m2e.maven.runtime_3.8.604.20221130-2149\jars\maven-resolver-api-1.6.3.jar
2023-04-02 23:10:31,172 [Worker-7: Launching mavenrun-19c79779-0078-4dc4-bf08-a8824f4174a3] INFO  o.eclipse.m2e.core.internal.Bundles - 	Entry: C:\Users\shive\.p2\pool\plugins\org.eclipse.m2e.maven.runtime_3.8.604.20221130-2149\jars\maven-resolver-connector-basic-1.6.3.jar
2023-04-02 23:10:31,172 [Worker-7: Launching mavenrun-19c79779-0078-4dc4-bf08-a8824f4174a3] INFO  o.eclipse.m2e.core.internal.Bundles - 	Entry: C:\Users\shive\.p2\pool\plugins\org.eclipse.m2e.maven.runtime_3.8.604.20221130-2149\jars\maven-resolver-impl-1.6.3.jar
2023-04-02 23:10:31,172 [Worker-7: Launching mavenrun-19c79779-0078-4dc4-bf08-a8824f4174a3] INFO  o.eclipse.m2e.core.internal.Bundles - 	Entry: C:\Users\shive\.p2\pool\plugins\org.eclipse.m2e.maven.runtime_3.8.604.20221130-2149\jars\maven-resolver-provider-3.8.6.jar
2023-04-02 23:10:31,173 [Worker-7: Launching mavenrun-19c79779-0078-4dc4-bf08-a8824f4174a3] INFO  o.eclipse.m2e.core.internal.Bundles - 	Entry: C:\Users\shive\.p2\pool\plugins\org.eclipse.m2e.maven.runtime_3.8.604.20221130-2149\jars\maven-resolver-spi-1.6.3.jar
2023-04-02 23:10:31,174 [Worker-7: Launching mavenrun-19c79779-0078-4dc4-bf08-a8824f4174a3] INFO  o.eclipse.m2e.core.internal.Bundles - 	Entry: C:\Users\shive\.p2\pool\plugins\org.eclipse.m2e.maven.runtime_3.8.604.20221130-2149\jars\maven-resolver-transport-wagon-1.6.3.jar
2023-04-02 23:10:31,174 [Worker-7: Launching mavenrun-19c79779-0078-4dc4-bf08-a8824f4174a3] INFO  o.eclipse.m2e.core.internal.Bundles - 	Entry: C:\Users\shive\.p2\pool\plugins\org.eclipse.m2e.maven.runtime_3.8.604.20221130-2149\jars\maven-resolver-util-1.6.3.jar
2023-04-02 23:10:31,174 [Worker-7: Launching mavenrun-19c79779-0078-4dc4-bf08-a8824f4174a3] INFO  o.eclipse.m2e.core.internal.Bundles - 	Entry: C:\Users\shive\.p2\pool\plugins\org.eclipse.m2e.maven.runtime_3.8.604.20221130-2149\jars\maven-settings-3.8.6.jar
2023-04-02 23:10:31,175 [Worker-7: Launching mavenrun-19c79779-0078-4dc4-bf08-a8824f4174a3] INFO  o.eclipse.m2e.core.internal.Bundles - 	Entry: C:\Users\shive\.p2\pool\plugins\org.eclipse.m2e.maven.runtime_3.8.604.20221130-2149\jars\maven-settings-builder-3.8.6.jar
2023-04-02 23:10:31,176 [Worker-7: Launching mavenrun-19c79779-0078-4dc4-bf08-a8824f4174a3] INFO  o.eclipse.m2e.core.internal.Bundles - 	Entry: C:\Users\shive\.p2\pool\plugins\org.eclipse.m2e.maven.runtime_3.8.604.20221130-2149\jars\maven-shared-utils-3.3.4.jar
2023-04-02 23:10:31,179 [Worker-7: Launching mavenrun-19c79779-0078-4dc4-bf08-a8824f4174a3] INFO  o.eclipse.m2e.core.internal.Bundles - 	Entry: C:\Users\shive\.p2\pool\plugins\org.eclipse.m2e.maven.runtime_3.8.604.20221130-2149\jars\okhttp-3.14.1.jar
2023-04-02 23:10:31,180 [Worker-7: Launching mavenrun-19c79779-0078-4dc4-bf08-a8824f4174a3] INFO  o.eclipse.m2e.core.internal.Bundles - 	Entry: C:\Users\shive\.p2\pool\plugins\org.eclipse.m2e.maven.runtime_3.8.604.20221130-2149\jars\okio-1.17.3.jar
2023-04-02 23:10:31,181 [Worker-7: Launching mavenrun-19c79779-0078-4dc4-bf08-a8824f4174a3] INFO  o.eclipse.m2e.core.internal.Bundles - 	Entry: C:\Users\shive\.p2\pool\plugins\org.eclipse.m2e.maven.runtime_3.8.604.20221130-2149\jars\org.eclipse.sisu.inject-0.3.5.jar
2023-04-02 23:10:31,182 [Worker-7: Launching mavenrun-19c79779-0078-4dc4-bf08-a8824f4174a3] INFO  o.eclipse.m2e.core.internal.Bundles - 	Entry: C:\Users\shive\.p2\pool\plugins\org.eclipse.m2e.maven.runtime_3.8.604.20221130-2149\jars\org.eclipse.sisu.plexus-0.3.5.jar
2023-04-02 23:10:31,182 [Worker-7: Launching mavenrun-19c79779-0078-4dc4-bf08-a8824f4174a3] INFO  o.eclipse.m2e.core.internal.Bundles - 	Entry: C:\Users\shive\.p2\pool\plugins\org.eclipse.m2e.maven.runtime_3.8.604.20221130-2149\jars\plexus-build-api-0.0.7.jar
2023-04-02 23:10:31,183 [Worker-7: Launching mavenrun-19c79779-0078-4dc4-bf08-a8824f4174a3] INFO  o.eclipse.m2e.core.internal.Bundles - 	Entry: C:\Users\shive\.p2\pool\plugins\org.eclipse.m2e.maven.runtime_3.8.604.20221130-2149\jars\plexus-cipher-2.0.jar
2023-04-02 23:10:31,184 [Worker-7: Launching mavenrun-19c79779-0078-4dc4-bf08-a8824f4174a3] INFO  o.eclipse.m2e.core.internal.Bundles - 	Entry: C:\Users\shive\.p2\pool\plugins\org.eclipse.m2e.maven.runtime_3.8.604.20221130-2149\jars\plexus-classworlds-2.6.0.jar
2023-04-02 23:10:31,185 [Worker-7: Launching mavenrun-19c79779-0078-4dc4-bf08-a8824f4174a3] INFO  o.eclipse.m2e.core.internal.Bundles - 	Entry: C:\Users\shive\.p2\pool\plugins\org.eclipse.m2e.maven.runtime_3.8.604.20221130-2149\jars\plexus-component-annotations-2.1.0.jar
2023-04-02 23:10:31,186 [Worker-7: Launching mavenrun-19c79779-0078-4dc4-bf08-a8824f4174a3] INFO  o.eclipse.m2e.core.internal.Bundles - 	Entry: C:\Users\shive\.p2\pool\plugins\org.eclipse.m2e.maven.runtime_3.8.604.20221130-2149\jars\plexus-interpolation-1.26.jar
2023-04-02 23:10:31,187 [Worker-7: Launching mavenrun-19c79779-0078-4dc4-bf08-a8824f4174a3] INFO  o.eclipse.m2e.core.internal.Bundles - 	Entry: C:\Users\shive\.p2\pool\plugins\org.eclipse.m2e.maven.runtime_3.8.604.20221130-2149\jars\plexus-sec-dispatcher-2.0.jar
2023-04-02 23:10:31,188 [Worker-7: Launching mavenrun-19c79779-0078-4dc4-bf08-a8824f4174a3] INFO  o.eclipse.m2e.core.internal.Bundles - 	Entry: C:\Users\shive\.p2\pool\plugins\org.eclipse.m2e.maven.runtime_3.8.604.20221130-2149\jars\plexus-utils-3.3.1.jar
2023-04-02 23:10:31,189 [Worker-7: Launching mavenrun-19c79779-0078-4dc4-bf08-a8824f4174a3] INFO  o.eclipse.m2e.core.internal.Bundles - 	Entry: C:\Users\shive\.p2\pool\plugins\org.eclipse.m2e.maven.runtime_3.8.604.20221130-2149\jars\wagon-file-3.5.1.jar
2023-04-02 23:10:31,190 [Worker-7: Launching mavenrun-19c79779-0078-4dc4-bf08-a8824f4174a3] INFO  o.eclipse.m2e.core.internal.Bundles - 	Entry: C:\Users\shive\.p2\pool\plugins\org.eclipse.m2e.maven.runtime_3.8.604.20221130-2149\jars\wagon-provider-api-3.5.1.jar
2023-04-02 23:10:31,199 [Worker-7: Launching mavenrun-19c79779-0078-4dc4-bf08-a8824f4174a3] INFO  o.eclipse.m2e.core.internal.Bundles - getClasspathEntries(Bundle=com.google.guava_30.1.0.v20221112-0806 [10])
2023-04-02 23:10:31,203 [Worker-7: Launching mavenrun-19c79779-0078-4dc4-bf08-a8824f4174a3] INFO  o.eclipse.m2e.core.internal.Bundles - 	Entry: C:\Users\shive\.p2\pool\plugins\com.google.guava_30.1.0.v20221112-0806.jar
2023-04-02 23:10:31,203 [Worker-7: Launching mavenrun-19c79779-0078-4dc4-bf08-a8824f4174a3] INFO  o.eclipse.m2e.core.internal.Bundles - getClasspathEntries(Bundle=slf4j.api_1.7.36 [917])
2023-04-02 23:10:31,205 [Worker-7: Launching mavenrun-19c79779-0078-4dc4-bf08-a8824f4174a3] INFO  o.eclipse.m2e.core.internal.Bundles - 	Entry: C:\Users\shive\.p2\pool\plugins\slf4j.api_1.7.36.jar
2023-04-02 23:10:31,206 [Worker-7: Launching mavenrun-19c79779-0078-4dc4-bf08-a8824f4174a3] INFO  o.eclipse.m2e.core.internal.Bundles - getClasspathEntries(Bundle=javax.inject_1.0.0.v20220405-0441 [32])
2023-04-02 23:10:31,209 [Worker-7: Launching mavenrun-19c79779-0078-4dc4-bf08-a8824f4174a3] INFO  o.eclipse.m2e.core.internal.Bundles - 	Entry: C:\Users\shive\.p2\pool\plugins\javax.inject_1.0.0.v20220405-0441.jar
2023-04-02 23:10:31,209 [Worker-7: Launching mavenrun-19c79779-0078-4dc4-bf08-a8824f4174a3] INFO  o.eclipse.m2e.core.internal.Bundles - getClasspathEntries(Bundle=javax.annotation_1.3.5.v20221112-0806 [30])
2023-04-02 23:10:31,213 [Worker-7: Launching mavenrun-19c79779-0078-4dc4-bf08-a8824f4174a3] INFO  o.eclipse.m2e.core.internal.Bundles - 	Entry: C:\Users\shive\.p2\pool\plugins\javax.annotation_1.3.5.v20221112-0806.jar
2023-04-02 23:10:31,235 [Worker-7: Launching mavenrun-19c79779-0078-4dc4-bf08-a8824f4174a3] INFO  o.e.m.i.launch.MavenLaunchDelegate - Run build in "C:\Users\shive\AppData\Local\Temp\m2e-archetypeGenerator16402419682096092359":
2023-04-02 23:10:31,244 [Worker-7: Launching mavenrun-19c79779-0078-4dc4-bf08-a8824f4174a3] INFO  o.e.m.i.launch.MavenLaunchDelegate -  mvn  -DarchetypeGroupId=org.apache.maven.archetypes -DarchetypeArtifactId=maven-archetype-quickstart -DarchetypeVersion=1.1 -DgroupId=POMJan2020SeleniumProject -DartifactId=POMJan2020SeleniumProject -Dversion=0.0.1-SNAPSHOT -Dpackage=POMJan2020SeleniumProject.POMJan2020SeleniumProject -DoutputDirectory=E:\charanseleniumproject -Dstyle.color=always -U archetype:generate
2023-04-02 23:11:03,606 [Worker-1: Creating maven-archetype-quickstart] INFO  o.e.m.c.i.p.ProjectConfigurationManager - Collecting project info '/pom.xml' E:\charanseleniumproject\POMJan2020SeleniumProject\pom.xml
2023-04-02 23:11:05,399 [Worker-1: Creating maven-archetype-quickstart] INFO  o.e.m.c.i.l.LifecycleMappingFactory - Using org.eclipse.m2e.jdt.JarLifecycleMapping lifecycle mapping for MavenProject: POMJan2020SeleniumProject:POMJan2020SeleniumProject:0.0.1-SNAPSHOT @ E:\charanseleniumproject\POMJan2020SeleniumProject\pom.xml.
2023-04-02 23:11:06,639 [Worker-1: Creating maven-archetype-quickstart] INFO  o.e.m.j.i.AbstractJavaProjectConfigurator - Adding source folder /POMJan2020SeleniumProject/src/main/java
2023-04-02 23:11:06,652 [Worker-1: Creating maven-archetype-quickstart] INFO  o.e.m.j.i.AbstractJavaProjectConfigurator - Adding source folder /POMJan2020SeleniumProject/src/test/java
2023-04-02 23:11:06,959 [Worker-1: Creating maven-archetype-quickstart] INFO  o.e.m.c.i.p.ProjectConfigurationManager - Imported and configured 1 project(s) in 3 sec
2023-04-02 23:11:08,782 [Worker-3: Building] INFO  o.e.m.c.i.embedder.EclipseLogger - Using 'UTF-8' encoding to copy filtered resources.
2023-04-02 23:11:08,782 [Worker-3: Building] INFO  o.e.m.c.i.embedder.EclipseLogger - skip non existing resourceDirectory E:\charanseleniumproject\POMJan2020SeleniumProject\src\main\resources
2023-04-02 23:11:08,790 [Worker-3: Building] INFO  o.e.m.c.i.embedder.EclipseLogger - Using 'UTF-8' encoding to copy filtered resources.
2023-04-02 23:11:08,791 [Worker-3: Building] INFO  o.e.m.c.i.embedder.EclipseLogger - skip non existing resourceDirectory E:\charanseleniumproject\POMJan2020SeleniumProject\src\test\resources
2023-04-02 23:11:47,124 [Worker-8: Building] INFO  o.e.m.c.i.embedder.EclipseLogger - Using 'UTF-8' encoding to copy filtered resources.
2023-04-02 23:11:47,128 [Worker-8: Building] INFO  o.e.m.c.i.embedder.EclipseLogger - skip non existing resourceDirectory E:\charanseleniumproject\POMJan2020SeleniumProject\src\main\resources
2023-04-02 23:11:47,135 [Worker-8: Building] INFO  o.e.m.c.i.embedder.EclipseLogger - Using 'UTF-8' encoding to copy filtered resources.
2023-04-02 23:11:47,135 [Worker-8: Building] INFO  o.e.m.c.i.embedder.EclipseLogger - skip non existing resourceDirectory E:\charanseleniumproject\POMJan2020SeleniumProject\src\test\resources
2023-04-02 23:12:03,969 [Worker-2: Building] INFO  o.e.m.c.i.embedder.EclipseLogger - Using 'UTF-8' encoding to copy filtered resources.
2023-04-02 23:12:03,971 [Worker-2: Building] INFO  o.e.m.c.i.embedder.EclipseLogger - skip non existing resourceDirectory E:\charanseleniumproject\POMJan2020SeleniumProject\src\main\resources
2023-04-02 23:12:03,979 [Worker-2: Building] INFO  o.e.m.c.i.embedder.EclipseLogger - Using 'UTF-8' encoding to copy filtered resources.
2023-04-02 23:12:03,980 [Worker-2: Building] INFO  o.e.m.c.i.embedder.EclipseLogger - skip non existing resourceDirectory E:\charanseleniumproject\POMJan2020SeleniumProject\src\test\resources
2023-04-02 23:12:22,043 [Worker-1: Building] INFO  o.e.m.c.i.embedder.EclipseLogger - Using 'UTF-8' encoding to copy filtered resources.
2023-04-02 23:12:22,044 [Worker-1: Building] INFO  o.e.m.c.i.embedder.EclipseLogger - skip non existing resourceDirectory E:\charanseleniumproject\POMJan2020SeleniumProject\src\main\resources
2023-04-02 23:12:22,054 [Worker-1: Building] INFO  o.e.m.c.i.embedder.EclipseLogger - Using 'UTF-8' encoding to copy filtered resources.
2023-04-02 23:12:22,054 [Worker-1: Building] INFO  o.e.m.c.i.embedder.EclipseLogger - skip non existing resourceDirectory E:\charanseleniumproject\POMJan2020SeleniumProject\src\test\resources
2023-04-02 23:12:24,987 [Worker-16: Building] INFO  o.e.m.c.i.embedder.EclipseLogger - Using 'UTF-8' encoding to copy filtered resources.
2023-04-02 23:12:24,987 [Worker-16: Building] INFO  o.e.m.c.i.embedder.EclipseLogger - skip non existing resourceDirectory E:\charanseleniumproject\POMJan2020SeleniumProject\src\main\resources
2023-04-02 23:12:24,992 [Worker-16: Building] INFO  o.e.m.c.i.embedder.EclipseLogger - Using 'UTF-8' encoding to copy filtered resources.
2023-04-02 23:12:24,992 [Worker-16: Building] INFO  o.e.m.c.i.embedder.EclipseLogger - skip non existing resourceDirectory E:\charanseleniumproject\POMJan2020SeleniumProject\src\test\resources
2023-04-02 23:12:39,231 [Worker-13: Building] INFO  o.e.m.c.i.embedder.EclipseLogger - Using 'UTF-8' encoding to copy filtered resources.
2023-04-02 23:12:39,231 [Worker-13: Building] INFO  o.e.m.c.i.embedder.EclipseLogger - skip non existing resourceDirectory E:\charanseleniumproject\POMJan2020SeleniumProject\src\main\resources
2023-04-02 23:12:39,234 [Worker-13: Building] INFO  o.e.m.c.i.embedder.EclipseLogger - Using 'UTF-8' encoding to copy filtered resources.
2023-04-02 23:12:39,234 [Worker-13: Building] INFO  o.e.m.c.i.embedder.EclipseLogger - skip non existing resourceDirectory E:\charanseleniumproject\POMJan2020SeleniumProject\src\test\resources
2023-04-02 23:12:44,239 [Worker-16: Building] INFO  o.e.m.c.i.embedder.EclipseLogger - Using 'UTF-8' encoding to copy filtered resources.
2023-04-02 23:12:44,240 [Worker-16: Building] INFO  o.e.m.c.i.embedder.EclipseLogger - skip non existing resourceDirectory E:\charanseleniumproject\POMJan2020SeleniumProject\src\main\resources
2023-04-02 23:12:44,245 [Worker-16: Building] INFO  o.e.m.c.i.embedder.EclipseLogger - Using 'UTF-8' encoding to copy filtered resources.
2023-04-02 23:12:44,246 [Worker-16: Building] INFO  o.e.m.c.i.embedder.EclipseLogger - skip non existing resourceDirectory E:\charanseleniumproject\POMJan2020SeleniumProject\src\test\resources
2023-04-02 23:13:20,977 [Worker-1: Building] INFO  o.e.m.c.i.embedder.EclipseLogger - Using 'UTF-8' encoding to copy filtered resources.
2023-04-02 23:13:20,977 [Worker-1: Building] INFO  o.e.m.c.i.embedder.EclipseLogger - skip non existing resourceDirectory E:\charanseleniumproject\POMJan2020SeleniumProject\src\main\resources
2023-04-02 23:13:20,987 [Worker-1: Building] INFO  o.e.m.c.i.embedder.EclipseLogger - Using 'UTF-8' encoding to copy filtered resources.
2023-04-02 23:13:21,026 [Worker-1: Building] INFO  o.e.m.c.i.embedder.EclipseLogger - Copying 0 resource
2023-04-02 23:13:36,525 [Worker-15: Building] INFO  o.e.m.c.i.embedder.EclipseLogger - Using 'UTF-8' encoding to copy filtered resources.
2023-04-02 23:13:36,526 [Worker-15: Building] INFO  o.e.m.c.i.embedder.EclipseLogger - skip non existing resourceDirectory E:\charanseleniumproject\POMJan2020SeleniumProject\src\main\resources
2023-04-02 23:13:36,533 [Worker-15: Building] INFO  o.e.m.c.i.embedder.EclipseLogger - Using 'UTF-8' encoding to copy filtered resources.
2023-04-02 23:13:36,534 [Worker-15: Building] INFO  o.e.m.c.i.embedder.EclipseLogger - Copying 0 resource
2023-04-02 23:13:50,057 [Worker-3: Building] INFO  o.e.m.c.i.embedder.EclipseLogger - Using 'UTF-8' encoding to copy filtered resources.
2023-04-02 23:13:50,058 [Worker-3: Building] INFO  o.e.m.c.i.embedder.EclipseLogger - skip non existing resourceDirectory E:\charanseleniumproject\POMJan2020SeleniumProject\src\main\resources
2023-04-02 23:13:50,064 [Worker-3: Building] INFO  o.e.m.c.i.embedder.EclipseLogger - Using 'UTF-8' encoding to copy filtered resources.
2023-04-02 23:13:50,066 [Worker-3: Building] INFO  o.e.m.c.i.embedder.EclipseLogger - Copying 0 resource
2023-04-02 23:13:54,149 [Worker-5: Building] INFO  o.e.m.c.i.embedder.EclipseLogger - Using 'UTF-8' encoding to copy filtered resources.
2023-04-02 23:13:54,149 [Worker-5: Building] INFO  o.e.m.c.i.embedder.EclipseLogger - skip non existing resourceDirectory E:\charanseleniumproject\POMJan2020SeleniumProject\src\main\resources
2023-04-02 23:13:54,157 [Worker-5: Building] INFO  o.e.m.c.i.embedder.EclipseLogger - Using 'UTF-8' encoding to copy filtered resources.
2023-04-02 23:13:54,158 [Worker-5: Building] INFO  o.e.m.c.i.embedder.EclipseLogger - Copying 0 resource
2023-04-02 23:14:42,237 [Worker-13: Building] INFO  o.e.m.c.i.l.LifecycleMappingFactory - Using org.eclipse.m2e.jdt.JarLifecycleMapping lifecycle mapping for MavenProject: POM_Charan_Framework:POM_Charan_Framework:0.0.1-SNAPSHOT @ E:\charanseleniumproject\POMJan2020SeleniumProject\pom.xml.
2023-04-02 23:14:43,805 [Worker-13: Building] INFO  o.e.m.c.i.embedder.EclipseLogger - Using 'UTF-8' encoding to copy filtered resources.
2023-04-02 23:14:43,806 [Worker-13: Building] INFO  o.e.m.c.i.embedder.EclipseLogger - skip non existing resourceDirectory E:\charanseleniumproject\POMJan2020SeleniumProject\src\main\resources
2023-04-02 23:14:43,813 [Worker-13: Building] INFO  o.e.m.c.i.embedder.EclipseLogger - Using 'UTF-8' encoding to copy filtered resources.
2023-04-02 23:14:43,817 [Worker-13: Building] INFO  o.e.m.c.i.embedder.EclipseLogger - Copying 0 resource
2023-04-02 23:14:46,177 [Worker-11: Building] INFO  o.e.m.c.i.embedder.EclipseLogger - Using 'UTF-8' encoding to copy filtered resources.
2023-04-02 23:14:46,178 [Worker-11: Building] INFO  o.e.m.c.i.embedder.EclipseLogger - skip non existing resourceDirectory E:\charanseleniumproject\POMJan2020SeleniumProject\src\main\resources
2023-04-02 23:14:46,183 [Worker-11: Building] INFO  o.e.m.c.i.embedder.EclipseLogger - Using 'UTF-8' encoding to copy filtered resources.
2023-04-02 23:14:46,184 [Worker-11: Building] INFO  o.e.m.c.i.embedder.EclipseLogger - Copying 0 resource
2023-04-02 23:15:00,874 [Worker-8: Updating Maven Project] INFO  o.e.m.c.i.p.ProjectConfigurationManager - Update started
2023-04-02 23:15:01,523 [Worker-8: Updating Maven Project] INFO  o.e.m.c.i.l.LifecycleMappingFactory - Using org.eclipse.m2e.jdt.JarLifecycleMapping lifecycle mapping for MavenProject: POM_Charan_Framework:POM_Charan_Framework:0.0.1-SNAPSHOT @ E:\charanseleniumproject\POMJan2020SeleniumProject\pom.xml.
2023-04-02 23:15:02,742 [Worker-8: Updating Maven Project] INFO  o.e.m.j.i.AbstractJavaProjectConfigurator - Adding source folder /POMJan2020SeleniumProject/src/main/java
2023-04-02 23:15:02,743 [Worker-8: Updating Maven Project] INFO  o.e.m.j.i.AbstractJavaProjectConfigurator - Adding source folder /POMJan2020SeleniumProject/src/test/java
2023-04-02 23:15:02,743 [Worker-8: Updating Maven Project] INFO  o.e.m.j.i.AbstractJavaProjectConfigurator - Adding resource folder /POMJan2020SeleniumProject/src/test/resources
2023-04-02 23:15:03,359 [Worker-8: Updating Maven Project] INFO  o.e.m.c.i.p.ProjectConfigurationManager - Update completed for 1 poms: local refresh takes 0.00 sec, refresh facades takes 1.00 sec, update config takes 0.00 sec 
2023-04-02 23:15:03,934 [Worker-8: Building] INFO  o.e.m.c.i.embedder.EclipseLogger - Using 'UTF-8' encoding to copy filtered resources.
2023-04-02 23:15:03,934 [Worker-8: Building] INFO  o.e.m.c.i.embedder.EclipseLogger - skip non existing resourceDirectory E:\charanseleniumproject\POMJan2020SeleniumProject\src\main\resources
2023-04-02 23:15:03,943 [Worker-8: Building] INFO  o.e.m.c.i.embedder.EclipseLogger - Using 'UTF-8' encoding to copy filtered resources.
2023-04-02 23:15:03,946 [Worker-8: Building] INFO  o.e.m.c.i.embedder.EclipseLogger - Copying 0 resource
2023-04-02 23:15:16,645 [Worker-8: Building] INFO  o.e.m.c.i.embedder.EclipseLogger - Using 'UTF-8' encoding to copy filtered resources.
2023-04-02 23:15:16,646 [Worker-8: Building] INFO  o.e.m.c.i.embedder.EclipseLogger - skip non existing resourceDirectory E:\charanseleniumproject\POMJan2020SeleniumProject\src\main\resources
2023-04-02 23:15:16,652 [Worker-8: Building] INFO  o.e.m.c.i.embedder.EclipseLogger - Using 'UTF-8' encoding to copy filtered resources.
2023-04-02 23:15:16,659 [Worker-8: Building] INFO  o.e.m.c.i.embedder.EclipseLogger - Copying 0 resource
2023-04-02 23:15:32,084 [Worker-3: Updating Maven Project] INFO  o.e.m.c.i.p.ProjectConfigurationManager - Update started
2023-04-02 23:15:32,764 [Worker-3: Updating Maven Project] INFO  o.e.m.c.i.l.LifecycleMappingFactory - Using org.eclipse.m2e.jdt.JarLifecycleMapping lifecycle mapping for MavenProject: POM_Charan_Framework:POM_Charan_Framework:0.0.1-SNAPSHOT @ E:\charanseleniumproject\POMJan2020SeleniumProject\pom.xml.
2023-04-02 23:15:34,160 [Worker-3: Updating Maven Project] INFO  o.e.m.j.i.AbstractJavaProjectConfigurator - Adding source folder /POMJan2020SeleniumProject/src/main/java
2023-04-02 23:15:34,164 [Worker-3: Updating Maven Project] INFO  o.e.m.j.i.AbstractJavaProjectConfigurator - Adding source folder /POMJan2020SeleniumProject/src/test/java
2023-04-02 23:15:34,165 [Worker-3: Updating Maven Project] INFO  o.e.m.j.i.AbstractJavaProjectConfigurator - Adding resource folder /POMJan2020SeleniumProject/src/test/resources
2023-04-02 23:15:34,817 [Worker-3: Updating Maven Project] INFO  o.e.m.c.i.p.ProjectConfigurationManager - Update completed for 1 poms: local refresh takes 0.00 sec, refresh facades takes 1.00 sec, update config takes 0.00 sec 
2023-04-02 23:15:35,330 [Worker-13: Building] INFO  o.e.m.c.i.embedder.EclipseLogger - Using 'UTF-8' encoding to copy filtered resources.
2023-04-02 23:15:35,331 [Worker-13: Building] INFO  o.e.m.c.i.embedder.EclipseLogger - skip non existing resourceDirectory E:\charanseleniumproject\POMJan2020SeleniumProject\src\main\resources
2023-04-02 23:15:35,338 [Worker-13: Building] INFO  o.e.m.c.i.embedder.EclipseLogger - Using 'UTF-8' encoding to copy filtered resources.
2023-04-02 23:15:35,340 [Worker-13: Building] INFO  o.e.m.c.i.embedder.EclipseLogger - Copying 0 resource
2023-04-02 23:15:52,199 [Worker-17: Building] INFO  o.e.m.c.i.embedder.EclipseLogger - Using 'UTF-8' encoding to copy filtered resources.
2023-04-02 23:15:52,199 [Worker-17: Building] INFO  o.e.m.c.i.embedder.EclipseLogger - skip non existing resourceDirectory E:\charanseleniumproject\POMJan2020SeleniumProject\src\main\resources
2023-04-02 23:15:52,205 [Worker-17: Building] INFO  o.e.m.c.i.embedder.EclipseLogger - Using 'UTF-8' encoding to copy filtered resources.
2023-04-02 23:15:52,209 [Worker-17: Building] INFO  o.e.m.c.i.embedder.EclipseLogger - Copying 0 resource
2023-04-02 23:17:10,065 [Worker-0: Building] INFO  o.e.m.c.i.embedder.EclipseLogger - Using 'UTF-8' encoding to copy filtered resources.
2023-04-02 23:17:10,065 [Worker-0: Building] INFO  o.e.m.c.i.embedder.EclipseLogger - skip non existing resourceDirectory E:\charanseleniumproject\POMJan2020SeleniumProject\src\main\resources
2023-04-02 23:17:10,069 [Worker-0: Building] INFO  o.e.m.c.i.embedder.EclipseLogger - Using 'UTF-8' encoding to copy filtered resources.
2023-04-02 23:17:10,070 [Worker-0: Building] INFO  o.e.m.c.i.embedder.EclipseLogger - Copying 0 resource
2023-04-02 23:19:28,302 [Worker-7: Building] INFO  o.e.m.c.i.embedder.EclipseLogger - Using 'UTF-8' encoding to copy filtered resources.
2023-04-02 23:19:28,302 [Worker-7: Building] INFO  o.e.m.c.i.embedder.EclipseLogger - skip non existing resourceDirectory E:\charanseleniumproject\POMJan2020SeleniumProject\src\main\resources
2023-04-02 23:19:28,305 [Worker-7: Building] INFO  o.e.m.c.i.embedder.EclipseLogger - Using 'UTF-8' encoding to copy filtered resources.
2023-04-02 23:19:28,306 [Worker-7: Building] INFO  o.e.m.c.i.embedder.EclipseLogger - Copying 0 resource
2023-04-02 23:19:32,629 [Worker-7: Building] INFO  o.e.m.c.i.embedder.EclipseLogger - Using 'UTF-8' encoding to copy filtered resources.
2023-04-02 23:19:32,630 [Worker-7: Building] INFO  o.e.m.c.i.embedder.EclipseLogger - skip non existing resourceDirectory E:\charanseleniumproject\POMJan2020SeleniumProject\src\main\resources
2023-04-02 23:19:32,633 [Worker-7: Building] INFO  o.e.m.c.i.embedder.EclipseLogger - Using 'UTF-8' encoding to copy filtered resources.
2023-04-02 23:19:32,633 [Worker-7: Building] INFO  o.e.m.c.i.embedder.EclipseLogger - Copying 0 resource
2023-04-03 16:27:59,270 [Worker-5: Loading available Gradle versions] INFO  o.e.b.c.i.u.g.PublishedGradleVersions - Gradle version information cache is up-to-date. Trying to read.
